2019-07-07 22:51:50,318 DEBUG [com.lion.mapper.NewsNS.doRemoveByIds] - ==>  Preparing: DELETE FROM news WHERE nid IN ( ? , ? ) 
2019-07-07 22:51:50,397 DEBUG [com.lion.mapper.NewsNS.doRemoveByIds] - ==> Parameters: 1(Long), 2(Long)
2019-07-07 22:51:50,407 DEBUG [com.lion.mapper.NewsNS.doRemoveByIds] - <==    Updates: 0
2019-07-07 22:51:50,425 DEBUG [com.lion.mapper.NewsNS.findAllCondition] - ==>  Preparing: SELECT nid,title FROM news WHERE nid=? AND title=? 
2019-07-07 22:51:50,426 DEBUG [com.lion.mapper.NewsNS.findAllCondition] - ==> Parameters: 2(Long), 今天是一个好日子(String)
2019-07-07 22:51:50,481 DEBUG [com.lion.mapper.NewsNS.findAllCondition] - <==      Total: 0
2019-07-07 22:51:50,486 DEBUG [com.lion.mapper.NewsNS.doCreate] - ==>  Preparing: INSERT INTO news(title,content) VALUES ( ?, 'NOContent' ) 
2019-07-07 22:51:50,489 DEBUG [com.lion.mapper.NewsNS.doCreate] - ==> Parameters: 今天是一个好日子(String)
2019-07-07 22:51:50,491 DEBUG [com.lion.mapper.NewsNS.doCreate] - <==    Updates: 1
2019-07-07 22:51:50,885 DEBUG [com.lion.mapper.NewsNS.findById] - ==>  Preparing: SELECT nid,title,content FROM news WHERE nid=? ; 
2019-07-07 22:51:50,886 DEBUG [com.lion.mapper.NewsNS.findById] - ==> Parameters: 9(Long)
2019-07-07 22:51:50,888 DEBUG [com.lion.mapper.NewsNS.findById] - <==      Total: 0
2019-07-07 22:51:50,896 DEBUG [com.lion.mapper.NewsNS.findSplit] - ==>  Preparing: SELECT nid,title,content FROM news WHERE title LIKE ? LIMIT ?,? ; 
2019-07-07 22:51:50,898 DEBUG [com.lion.mapper.NewsNS.findSplit] - ==> Parameters: %%(String), 5(Integer), 5(Integer)
2019-07-07 22:51:50,900 DEBUG [com.lion.mapper.NewsNS.findSplit] - <==      Total: 0
2019-07-07 22:51:50,901 DEBUG [com.lion.mapper.NewsNS.getAllCount] - ==>  Preparing: SELECT COUNT(*) FROM news WHERE title LIKE ? 
2019-07-07 22:51:50,902 DEBUG [com.lion.mapper.NewsNS.getAllCount] - ==> Parameters: %%(String)
2019-07-07 22:51:50,904 TRACE [com.lion.mapper.NewsNS.getAllCount] - <==    Columns: COUNT(*)
2019-07-07 22:51:50,904 TRACE [com.lion.mapper.NewsNS.getAllCount] - <==        Row: 2
2019-07-07 22:51:50,908 DEBUG [com.lion.mapper.NewsNS.getAllCount] - <==      Total: 1
2019-07-07 22:51:50,917 DEBUG [com.lion.mapper.NewsNS.doEdit] - ==>  Preparing: UPDATE news SET title=? 
2019-07-07 22:51:50,918 DEBUG [com.lion.mapper.NewsNS.doEdit] - ==> Parameters: 人生最舒服的日子？(String)
2019-07-07 22:51:50,934 DEBUG [com.lion.mapper.NewsNS.doEdit] - <==    Updates: 2
2019-07-07 22:51:50,960 DEBUG [com.lion.mapper.NewsNS.findAll] - ==>  Preparing: SELECT nid,title,content FROM news WHERE title=? 
2019-07-07 22:51:50,961 DEBUG [com.lion.mapper.NewsNS.findAll] - ==> Parameters: 今天是一个好日子(String)
2019-07-07 22:51:50,963 DEBUG [com.lion.mapper.NewsNS.findAll] - <==      Total: 0
2019-07-07 22:51:50,967 DEBUG [com.lion.mapper.NewsNS.findById] - ==>  Preparing: SELECT nid,title,content FROM news WHERE nid=? ; 
2019-07-07 22:51:50,969 DEBUG [com.lion.mapper.NewsNS.findById] - ==> Parameters: 9(Long)
2019-07-07 22:51:50,971 DEBUG [com.lion.mapper.NewsNS.findById] - <==      Total: 0
2019-07-07 22:51:50,997 DEBUG [com.lion.mapper.NewsNS.findByIds] - ==>  Preparing: SELECT nid,title,content FROM news WHERE nid IN ( ? , ? ) 
2019-07-07 22:51:50,998 DEBUG [com.lion.mapper.NewsNS.findByIds] - ==> Parameters: 1(Long), 2(Long)
2019-07-07 22:51:50,999 DEBUG [com.lion.mapper.NewsNS.findByIds] - <==      Total: 0
2019-07-07 22:51:51,002 DEBUG [com.lion.mapper.NewsNS.doRemove] - ==>  Preparing: DELETE FROM news WHERE nid=? 
2019-07-07 22:51:51,003 DEBUG [com.lion.mapper.NewsNS.doRemove] - ==> Parameters: 3(Long)
2019-07-07 22:51:51,006 DEBUG [com.lion.mapper.NewsNS.doRemove] - <==    Updates: 1
2019-07-07 22:51:51,030 DEBUG [com.lion.mapper.NewsNS.findAll] - ==>  Preparing: SELECT nid,title,content FROM news 
2019-07-07 22:51:51,031 DEBUG [com.lion.mapper.NewsNS.findAll] - ==> Parameters: 
2019-07-07 22:51:51,036 TRACE [com.lion.mapper.NewsNS.findAll] - <==    Columns: nid, title, content
2019-07-07 22:51:51,036 TRACE [com.lion.mapper.NewsNS.findAll] - <==        Row: 4, 人生最舒服的日子？, <<BLOB>>
2019-07-07 22:51:51,039 DEBUG [com.lion.mapper.NewsNS.findAll] - <==      Total: 1
2019-07-07 22:53:13,581 DEBUG [com.lion.mapper.NewsNS.findAllCondition] - ==>  Preparing: SELECT nid,title FROM news WHERE nid=? AND title=? 
2019-07-07 22:53:13,658 DEBUG [com.lion.mapper.NewsNS.findAllCondition] - ==> Parameters: 2(Long), 今天是一个好日子(String)
2019-07-07 22:53:13,709 DEBUG [com.lion.mapper.NewsNS.findAllCondition] - <==      Total: 0
2019-07-07 22:53:54,497 DEBUG [com.lion.mapper.NewsNS.doCreate] - ==>  Preparing: INSERT INTO news(title,content) VALUES ( ?, 'NOContent' ) 
2019-07-07 22:53:54,558 DEBUG [com.lion.mapper.NewsNS.doCreate] - ==> Parameters: 今天是一个好日子(String)
2019-07-07 22:53:54,565 DEBUG [com.lion.mapper.NewsNS.doCreate] - <==    Updates: 1
2019-07-07 22:55:58,064 DEBUG [com.lion.mapper.NewsNS.findById] - ==>  Preparing: SELECT nid,title,content FROM news WHERE nid=? ; 
2019-07-07 22:55:58,145 DEBUG [com.lion.mapper.NewsNS.findById] - ==> Parameters: 9(Long)
2019-07-07 22:55:58,189 DEBUG [com.lion.mapper.NewsNS.findById] - <==      Total: 0
2019-07-07 22:58:58,642 DEBUG [com.lion.mapper.NewsNS.findById] - ==>  Preparing: SELECT nid,title,content FROM news WHERE nid=? ; 
2019-07-07 22:58:58,707 DEBUG [com.lion.mapper.NewsNS.findById] - ==> Parameters: 9(Long)
2019-07-07 22:58:58,750 DEBUG [com.lion.mapper.NewsNS.findById] - <==      Total: 0
